./poisson.py --echo 1 --N 64 --outdir out_poisson --ndim 2 --ref osc --rhs exact --osc_k 2 --epochs 1000 --frames 0
multigrid levels: [(64, 64), (32, 32), (16, 16), (8, 8), (4, 4), (2, 2)]
Running AdamNative optimizer

epoch=00000
residual: 0:145.67
error: u:0.46781
memory: 503 MiB
walltime: 4.258 s
walltime+callback: 4.258 s

epoch=00100
residual: 0:10.746
error: u:0.096756
memory: 550 MiB
walltime: 4.902 s
walltime+callback: 8.272 s
walltime/epoch: 49.023 ms
throughput: 0.084M cells/s

epoch=00200
residual: 0:4.6095
error: u:0.0727
memory: 550 MiB
walltime: 5.270 s
walltime+callback: 9.276 s
walltime/epoch: 3.678 ms
throughput: 1.114M cells/s

epoch=00300
residual: 0:4.8607
error: u:0.055269
memory: 550 MiB
walltime: 5.639 s
walltime+callback: 10.273 s
walltime/epoch: 3.685 ms
throughput: 1.112M cells/s

epoch=00400
residual: 0:5.0233
error: u:0.041641
memory: 550 MiB
walltime: 6.002 s
walltime+callback: 11.264 s
walltime/epoch: 3.633 ms
throughput: 1.128M cells/s

epoch=00500
residual: 0:3.6054
error: u:0.031918
memory: 550 MiB
walltime: 6.369 s
walltime+callback: 12.258 s
walltime/epoch: 3.671 ms
throughput: 1.116M cells/s

epoch=00600
residual: 0:3.1802
error: u:0.025163
memory: 551 MiB
walltime: 6.731 s
walltime+callback: 13.252 s
walltime/epoch: 3.623 ms
throughput: 1.131M cells/s

epoch=00700
residual: 0:5.8956
error: u:0.02032
memory: 551 MiB
walltime: 7.136 s
walltime+callback: 14.327 s
walltime/epoch: 4.052 ms
throughput: 1.011M cells/s

epoch=00800
residual: 0:5.6016
error: u:0.0166
memory: 551 MiB
walltime: 7.510 s
walltime+callback: 15.370 s
walltime/epoch: 3.741 ms
throughput: 1.095M cells/s

epoch=00900
residual: 0:4.8003
error: u:0.013603
memory: 552 MiB
walltime: 7.891 s
walltime+callback: 16.386 s
walltime/epoch: 3.803 ms
throughput: 1.077M cells/s

epoch=01000
residual: 0:4.0182
error: u:0.01109
memory: 552 MiB
walltime: 8.263 s
walltime+callback: 17.391 s
walltime/epoch: 3.721 ms
throughput: 1.101M cells/s
data.pickle
